#
# There is insufficient memory for the Java Runtime Environment to continue.
# Native memory allocation (malloc) failed to allocate 208336 bytes for Chunk::new
# Possible reasons:
#   The system is out of physical RAM or swap space
#   In 32 bit mode, the process size limit was hit
# Possible solutions:
#   Reduce memory load on the system
#   Increase physical memory or swap space
#   Check if swap backing store is full
#   Use 64 bit Java on a 64 bit OS
#   Decrease Java heap size (-Xmx/-Xms)
#   Decrease number of Java threads
#   Decrease Java thread stack sizes (-Xss)
#   Set larger code cache with -XX:ReservedCodeCacheSize=
# This output file may be truncated or incomplete.
#
#  Out of Memory Error (allocation.cpp:390), pid=11204, tid=0x00000000000028ac
#
# JRE version: Java(TM) SE Runtime Environment (8.0_101-b13) (build 1.8.0_101-b13)
# Java VM: Java HotSpot(TM) 64-Bit Server VM (25.101-b13 mixed mode windows-amd64 compressed oops)
# Failed to write core dump. Minidumps are not enabled by default on client versions of Windows
#

---------------  T H R E A D  ---------------

Current thread (0x000000001513d000):  JavaThread "C2 CompilerThread0" daemon [_thread_in_native, id=10412, stack(0x0000000016020000,0x0000000016120000)]

Stack: [0x0000000016020000,0x0000000016120000]
[error occurred during error reporting (printing stack bounds), id 0xc0000005]

Native frames: (J=compiled Java code, j=interpreted, Vv=VM code, C=native code)


Current CompileTask:
C2:   4515 1302       4       sun.misc.ProxyGenerator$ConstantPool::getValue (91 bytes)


---------------  P R O C E S S  ---------------

Java Threads: ( => current thread )
  0x0000000017ae2800 JavaThread "com.google.inject.internal.util.$Finalizer" daemon [_thread_blocked, id=2428, stack(0x0000000018de0000,0x0000000018ee0000)]
  0x0000000017300800 JavaThread "EMF Reference Cleaner" daemon [_thread_blocked, id=4736, stack(0x0000000018a40000,0x0000000018b40000)]
  0x0000000016991800 JavaThread "Service Thread" daemon [_thread_blocked, id=10892, stack(0x0000000016280000,0x0000000016380000)]
  0x0000000016914000 JavaThread "C1 CompilerThread2" daemon [_thread_blocked, id=9236, stack(0x0000000016e10000,0x0000000016f10000)]
  0x0000000016912800 JavaThread "C2 CompilerThread1" daemon [_thread_in_native, id=11004, stack(0x0000000016d10000,0x0000000016e10000)]
=>0x000000001513d000 JavaThread "C2 CompilerThread0" daemon [_thread_in_native, id=10412, stack(0x0000000016020000,0x0000000016120000)]
  0x0000000015139000 JavaThread "Attach Listener" daemon [_thread_blocked, id=11024, stack(0x0000000016810000,0x0000000016910000)]
  0x0000000015136000 JavaThread "Signal Dispatcher" daemon [_thread_blocked, id=9656, stack(0x00000000166c0000,0x00000000167c0000)]
  0x000000001511d000 JavaThread "Finalizer" daemon [_thread_blocked, id=10608, stack(0x0000000016560000,0x0000000016660000)]
  0x00000000150d6000 JavaThread "Reference Handler" daemon [_thread_blocked, id=11228, stack(0x0000000016390000,0x0000000016490000)]
  0x000000000213a000 JavaThread "main" [_thread_in_vm, id=8668, stack(0x00000000023b0000,0x00000000024b0000)]

Other Threads:
  0x00000000150ce800 VMThread [stack: 0x0000000016160000,0x0000000016260000] [id=9092]
  0x00000000169a6800 WatcherThread [stack: 0x0000000017030000,0x0000000017130000] [id=10236]

VM state:not at safepoint (normal execution)

VM Mutex/Monitor currently owned by a thread: None

Heap:
 PSYoungGen      total 35328K, used 3834K [0x00000000eaf80000, 0x00000000ed480000, 0x0000000100000000)
  eden space 32768K, 3% used [0x00000000eaf80000,0x00000000eb0c5450,0x00000000ecf80000)
  from space 2560K, 98% used [0x00000000ed200000,0x00000000ed4795e0,0x00000000ed480000)
  to   space 2560K, 0% used [0x00000000ecf80000,0x00000000ecf80000,0x00000000ed200000)
 ParOldGen       total 44032K, used 17491K [0x00000000c0e00000, 0x00000000c3900000, 0x00000000eaf80000)
  object space 44032K, 39% used [0x00000000c0e00000,0x00000000c1f14ca8,0x00000000c3900000)
 Metaspace       used 12953K, capacity 13112K, committed 13312K, reserved 1060864K
  class space    used 1709K, capacity 1756K, committed 1792K, reserved 1048576K

Card table byte_map: [0x0000000011b40000,0x0000000011d40000] byte_map_base: 0x0000000011539000

Marking Bits: (ParMarkBitMap*) 0x000000005406a6d0
 Begin Bits: [0x00000000125b0000, 0x0000000013578000)
 End Bits:   [0x0000000013578000, 0x0000000014540000)

Polling page: 0x0000000000340000

CodeCache: size=245760Kb used=4589Kb max_used=4605Kb free=241170Kb
 bounds [0x0000000002780000, 0x0000000002c10000, 0x0000000011780000]
 total_blobs=1664 nmethods=1316 adapters=260
 compilation: disabled (not enough contiguous free space left)

Compilation events (10 events):
Event: 4.412 Thread 0x0000000016914000 1317       3       java.lang.reflect.Proxy$Key1::<init> (14 bytes)
Event: 4.414 Thread 0x0000000016914000 nmethod 1317 0x0000000002bfdc50 code [0x0000000002bfdde0, 0x0000000002bfe1e8]
Event: 4.414 Thread 0x0000000016914000 1318       3       java.lang.reflect.Proxy::<init> (15 bytes)
Event: 4.415 Thread 0x0000000016914000 nmethod 1318 0x0000000002bfe3d0 code [0x0000000002bfe540, 0x0000000002bfe868]
Event: 4.427 Thread 0x0000000016914000 1320       3       java.util.concurrent.locks.AbstractQueuedSynchronizer::setState (6 bytes)
Event: 4.428 Thread 0x0000000016914000 nmethod 1320 0x0000000002bfe9d0 code [0x0000000002bfeb20, 0x0000000002bfec70]
Event: 4.429 Thread 0x0000000016914000 1321       3       com.google.inject.internal.InjectorImpl::getInternalFactory (11 bytes)
Event: 4.430 Thread 0x0000000016914000 nmethod 1321 0x0000000002bfecd0 code [0x0000000002bfee60, 0x0000000002bff278]
Event: 4.432 Thread 0x0000000016914000 1322       3       com.google.inject.internal.Scoping::scope (50 bytes)
Event: 4.437 Thread 0x0000000016914000 


GC Heap History (8 events):
Event: 0.875 GC heap before
{Heap before GC invocations=1 (full 0):
 PSYoungGen      total 18944K, used 16384K [0x00000000eaf80000, 0x00000000ec480000, 0x0000000100000000)
  eden space 16384K, 100% used [0x00000000eaf80000,0x00000000ebf80000,0x00000000ebf80000)
  from space 2560K, 0% used [0x00000000ec200000,0x00000000ec200000,0x00000000ec480000)
  to   space 2560K, 0% used [0x00000000ebf80000,0x00000000ebf80000,0x00000000ec200000)
 ParOldGen       total 44032K, used 0K [0x00000000c0e00000, 0x00000000c3900000, 0x00000000eaf80000)
  object space 44032K, 0% used [0x00000000c0e00000,0x00000000c0e00000,0x00000000c3900000)
 Metaspace       used 4371K, capacity 4716K, committed 4992K, reserved 1056768K
  class space    used 469K, capacity 530K, committed 640K, reserved 1048576K
Event: 0.918 GC heap after
Heap after GC invocations=1 (full 0):
 PSYoungGen      total 18944K, used 2555K [0x00000000eaf80000, 0x00000000ed480000, 0x0000000100000000)
  eden space 16384K, 0% used [0x00000000eaf80000,0x00000000eaf80000,0x00000000ebf80000)
  from space 2560K, 99% used [0x00000000ebf80000,0x00000000ec1fecb8,0x00000000ec200000)
  to   space 2560K, 0% used [0x00000000ed200000,0x00000000ed200000,0x00000000ed480000)
 ParOldGen       total 44032K, used 769K [0x00000000c0e00000, 0x00000000c3900000, 0x00000000eaf80000)
  object space 44032K, 1% used [0x00000000c0e00000,0x00000000c0ec05e8,0x00000000c3900000)
 Metaspace       used 4371K, capacity 4716K, committed 4992K, reserved 1056768K
  class space    used 469K, capacity 530K, committed 640K, reserved 1048576K
}
Event: 1.428 GC heap before
{Heap before GC invocations=2 (full 0):
 PSYoungGen      total 18944K, used 18939K [0x00000000eaf80000, 0x00000000ed480000, 0x0000000100000000)
  eden space 16384K, 100% used [0x00000000eaf80000,0x00000000ebf80000,0x00000000ebf80000)
  from space 2560K, 99% used [0x00000000ebf80000,0x00000000ec1fecb8,0x00000000ec200000)
  to   space 2560K, 0% used [0x00000000ed200000,0x00000000ed200000,0x00000000ed480000)
 ParOldGen       total 44032K, used 769K [0x00000000c0e00000, 0x00000000c3900000, 0x00000000eaf80000)
  object space 44032K, 1% used [0x00000000c0e00000,0x00000000c0ec05e8,0x00000000c3900000)
 Metaspace       used 5270K, capacity 5410K, committed 5504K, reserved 1056768K
  class space    used 600K, capacity 627K, committed 640K, reserved 1048576K
Event: 1.446 GC heap after
Heap after GC invocations=2 (full 0):
 PSYoungGen      total 35328K, used 2529K [0x00000000eaf80000, 0x00000000ed480000, 0x0000000100000000)
  eden space 32768K, 0% used [0x00000000eaf80000,0x00000000eaf80000,0x00000000ecf80000)
  from space 2560K, 98% used [0x00000000ed200000,0x00000000ed478788,0x00000000ed480000)
  to   space 2560K, 0% used [0x00000000ecf80000,0x00000000ecf80000,0x00000000ed200000)
 ParOldGen       total 44032K, used 3223K [0x00000000c0e00000, 0x00000000c3900000, 0x00000000eaf80000)
  object space 44032K, 7% used [0x00000000c0e00000,0x00000000c1125c58,0x00000000c3900000)
 Metaspace       used 5270K, capacity 5410K, committed 5504K, reserved 1056768K
  class space    used 600K, capacity 627K, committed 640K, reserved 1048576K
}
Event: 3.123 GC heap before
{Heap before GC invocations=3 (full 0):
 PSYoungGen      total 35328K, used 35297K [0x00000000eaf80000, 0x00000000ed480000, 0x0000000100000000)
  eden space 32768K, 100% used [0x00000000eaf80000,0x00000000ecf80000,0x00000000ecf80000)
  from space 2560K, 98% used [0x00000000ed200000,0x00000000ed478788,0x00000000ed480000)
  to   space 2560K, 0% used [0x00000000ecf80000,0x00000000ecf80000,0x00000000ed200000)
 ParOldGen       total 44032K, used 3223K [0x00000000c0e00000, 0x00000000c3900000, 0x00000000eaf80000)
  object space 44032K, 7% used [0x00000000c0e00000,0x00000000c1125c58,0x00000000c3900000)
 Metaspace       used 10116K, capacity 10216K, committed 10368K, reserved 1058816K
  class space    used 1293K, capacity 1332K, committed 1408K, reserved 1048576K
Event: 3.164 GC heap after
Heap after GC invocations=3 (full 0):
 PSYoungGen      total 35328K, used 2544K [0x00000000eaf80000, 0x00000000ed480000, 0x0000000100000000)
  eden space 32768K, 0% used [0x00000000eaf80000,0x00000000eaf80000,0x00000000ecf80000)
  from space 2560K, 99% used [0x00000000ecf80000,0x00000000ed1fc030,0x00000000ed200000)
  to   space 2560K, 0% used [0x00000000ed200000,0x00000000ed200000,0x00000000ed480000)
 ParOldGen       total 44032K, used 10450K [0x00000000c0e00000, 0x00000000c3900000, 0x00000000eaf80000)
  object space 44032K, 23% used [0x00000000c0e00000,0x00000000c1834b18,0x00000000c3900000)
 Metaspace       used 10116K, capacity 10216K, committed 10368K, reserved 1058816K
  class space    used 1293K, capacity 1332K, committed 1408K, reserved 1048576K
}
Event: 4.460 GC heap before
{Heap before GC invocations=4 (full 0):
 PSYoungGen      total 35328K, used 35312K [0x00000000eaf80000, 0x00000000ed480000, 0x0000000100000000)
  eden space 32768K, 100% used [0x00000000eaf80000,0x00000000ecf80000,0x00000000ecf80000)
  from space 2560K, 99% used [0x00000000ecf80000,0x00000000ed1fc030,0x00000000ed200000)
  to   space 2560K, 0% used [0x00000000ed200000,0x00000000ed200000,0x00000000ed480000)
 ParOldGen       total 44032K, used 10450K [0x00000000c0e00000, 0x00000000c3900000, 0x00000000eaf80000)
  object space 44032K, 23% used [0x00000000c0e00000,0x00000000c1834b18,0x00000000c3900000)
 Metaspace       used 12927K, capacity 13048K, committed 13312K, reserved 1060864K
  class space    used 1707K, capacity 1756K, committed 1792K, reserved 1048576K
Event: 4.491 GC heap after
Heap after GC invocations=4 (full 0):
 PSYoungGen      total 35328K, used 2533K [0x00000000eaf80000, 0x00000000ed480000, 0x0000000100000000)
  eden space 32768K, 0% used [0x00000000eaf80000,0x00000000eaf80000,0x00000000ecf80000)
  from space 2560K, 98% used [0x00000000ed200000,0x00000000ed4795e0,0x00000000ed480000)
  to   space 2560K, 0% used [0x00000000ecf80000,0x00000000ecf80000,0x00000000ed200000)
 ParOldGen       total 44032K, used 17491K [0x00000000c0e00000, 0x00000000c3900000, 0x00000000eaf80000)
  object space 44032K, 39% used [0x00000000c0e00000,0x00000000c1f14ca8,0x00000000c3900000)
 Metaspace       used 12927K, capacity 13048K, committed 13312K, reserved 1060864K
  class space    used 1707K, capacity 1756K, committed 1792K, reserved 1048576K
}

Deoptimization events (10 events):
Event: 1.881 Thread 0x000000000213a000 Uncommon trap: reason=unstable_if action=reinterpret pc=0x00000000029681dc method=java.lang.String.indexOf([CII[CIII)I @ 134
Event: 2.151 Thread 0x000000000213a000 Uncommon trap: reason=unstable_if action=reinterpret pc=0x0000000002992adc method=java.util.HashMap.resize()[Ljava/util/HashMap$Node; @ 56
Event: 2.584 Thread 0x000000000213a000 Uncommon trap: reason=class_check action=maybe_recompile pc=0x0000000002981e80 method=java.util.HashMap.putVal(ILjava/lang/Object;Ljava/lang/Object;ZZ)Ljava/lang/Object; @ 253
Event: 2.693 Thread 0x000000000213a000 Uncommon trap: reason=class_check action=maybe_recompile pc=0x0000000002981e80 method=java.util.HashMap.putVal(ILjava/lang/Object;Ljava/lang/Object;ZZ)Ljava/lang/Object; @ 253
Event: 2.694 Thread 0x000000000213a000 Uncommon trap: reason=class_check action=maybe_recompile pc=0x00000000029afd54 method=java.util.HashMap.putVal(ILjava/lang/Object;Ljava/lang/Object;ZZ)Ljava/lang/Object; @ 253
Event: 2.700 Thread 0x000000000213a000 Uncommon trap: reason=bimorphic action=maybe_recompile pc=0x0000000002a35764 method=java.util.Hashtable.addEntry(ILjava/lang/Object;Ljava/lang/Object;I)V @ 38
Event: 2.881 Thread 0x000000000213a000 Uncommon trap: reason=unstable_if action=reinterpret pc=0x0000000002a428e0 method=sun.security.util.SignatureFileVerifier.matches([Ljava/security/CodeSigner;[Ljava/security/CodeSigner;[Ljava/security/CodeSigner;)Z @ 1
Event: 2.933 Thread 0x000000000213a000 Uncommon trap: reason=unstable_if action=reinterpret pc=0x0000000002afc940 method=java.util.HashMap.putVal(ILjava/lang/Object;Ljava/lang/Object;ZZ)Ljava/lang/Object; @ 94
Event: 3.020 Thread 0x000000000213a000 Uncommon trap: reason=unstable_if action=reinterpret pc=0x00000000029988d4 method=java.util.HashMap.getNode(ILjava/lang/Object;)Ljava/util/HashMap$Node; @ 62
Event: 3.358 Thread 0x000000000213a000 Uncommon trap: reason=unstable_if action=reinterpret pc=0x0000000002b41be8 method=java.util.HashMap.getNode(ILjava/lang/Object;)Ljava/util/HashMap$Node; @ 129

Internal exceptions (10 events):
Event: 3.079 Thread 0x000000000213a000 Exception <a 'java/lang/ArrayIndexOutOfBoundsException'> (0x00000000ece8a9c8) thrown at [C:\re\workspace\8-2-build-windows-amd64-cygwin\jdk8u101\7261\hotspot\src\share\vm\runtime\sharedRuntime.cpp, line 605]
Event: 3.081 Thread 0x000000000213a000 Exception <a 'java/lang/ArrayIndexOutOfBoundsException'> (0x00000000ece96f48) thrown at [C:\re\workspace\8-2-build-windows-amd64-cygwin\jdk8u101\7261\hotspot\src\share\vm\runtime\sharedRuntime.cpp, line 605]
Event: 3.083 Thread 0x000000000213a000 Exception <a 'java/lang/ArrayIndexOutOfBoundsException'> (0x00000000ecea3650) thrown at [C:\re\workspace\8-2-build-windows-amd64-cygwin\jdk8u101\7261\hotspot\src\share\vm\runtime\sharedRuntime.cpp, line 605]
Event: 3.088 Thread 0x000000000213a000 Exception <a 'java/lang/ArrayIndexOutOfBoundsException'> (0x00000000ecec54d0) thrown at [C:\re\workspace\8-2-build-windows-amd64-cygwin\jdk8u101\7261\hotspot\src\share\vm\runtime\sharedRuntime.cpp, line 605]
Event: 3.110 Thread 0x000000000213a000 Exception <a 'java/lang/ArrayIndexOutOfBoundsException'> (0x00000000ecf35238) thrown at [C:\re\workspace\8-2-build-windows-amd64-cygwin\jdk8u101\7261\hotspot\src\share\vm\runtime\sharedRuntime.cpp, line 605]
Event: 3.110 Thread 0x000000000213a000 Exception <a 'java/lang/ArrayIndexOutOfBoundsException'> (0x00000000ecf37510) thrown at [C:\re\workspace\8-2-build-windows-amd64-cygwin\jdk8u101\7261\hotspot\src\share\vm\runtime\sharedRuntime.cpp, line 605]
Event: 3.114 Thread 0x000000000213a000 Exception <a 'java/lang/ArrayIndexOutOfBoundsException'> (0x00000000ecf490d8) thrown at [C:\re\workspace\8-2-build-windows-amd64-cygwin\jdk8u101\7261\hotspot\src\share\vm\runtime\sharedRuntime.cpp, line 605]
Event: 3.122 Thread 0x000000000213a000 Exception <a 'java/lang/ArrayIndexOutOfBoundsException'> (0x00000000ecf6dbe8) thrown at [C:\re\workspace\8-2-build-windows-amd64-cygwin\jdk8u101\7261\hotspot\src\share\vm\runtime\sharedRuntime.cpp, line 605]
Event: 3.122 Thread 0x000000000213a000 Exception <a 'java/lang/ArrayIndexOutOfBoundsException'> (0x00000000ecf6fb98) thrown at [C:\re\workspace\8-2-build-windows-amd64-cygwin\jdk8u101\7261\hotspot\src\share\vm\runtime\sharedRuntime.cpp, line 605]
Event: 3.165 Thread 0x000000000213a000 Exception <a 'java/lang/ArrayIndexOutOfBoundsException'> (0x00000000eaf812c8) thrown at [C:\re\workspace\8-2-build-windows-amd64-cygwin\jdk8u101\7261\hotspot\src\share\vm\runtime\sharedRuntime.cpp, line 605]

Events (10 events):
Event: 4.460 Executing VM operation: ParallelGCFailedAllocation
Event: 4.492 Executing VM operation: ParallelGCFailedAllocation done
Event: 4.500 loading class org/eclipse/core/resources/IContainer
Event: 4.500 loading class org/eclipse/core/resources/IContainer done
Event: 4.501 loading class org/eclipse/core/resources/IResource
Event: 4.501 loading class org/eclipse/core/resources/IResource done
Event: 4.503 loading class org/eclipse/core/runtime/IAdaptable
Event: 4.503 loading class org/eclipse/core/runtime/IAdaptable done
Event: 4.504 loading class org/eclipse/core/runtime/jobs/ISchedulingRule
Event: 4.504 loading class org/eclipse/core/runtime/jobs/ISchedulingRule done


Dynamic libraries:
0x000000013fd70000 - 0x000000013fda7000 	C:\Program Files\Java\jre1.8.0_101\bin\javaw.exe
0x00000000770f0000 - 0x000000007729b000 	C:\Windows\SYSTEM32\ntdll.dll
0x000007feecc00000 - 0x000007feecc33000 	C:\Program Files (x86)\AVG\Av\avghooka.dll
0x0000000076fd0000 - 0x00000000770ef000 	C:\Windows\system32\kernel32.dll
0x000007fefbe60000 - 0x000007fefbecb000 	C:\Windows\system32\KERNELBASE.dll
0x000007fefd430000 - 0x000007fefd50b000 	C:\Windows\system32\ADVAPI32.dll
0x000007fefd390000 - 0x000007fefd42f000 	C:\Windows\system32\msvcrt.dll
0x000007fefdda0000 - 0x000007fefddbf000 	C:\Windows\SYSTEM32\sechost.dll
0x000007fefded0000 - 0x000007fefdffe000 	C:\Windows\system32\RPCRT4.dll
0x0000000076ed0000 - 0x0000000076fca000 	C:\Windows\system32\USER32.dll
0x000007fefe000000 - 0x000007fefe067000 	C:\Windows\system32\GDI32.dll
0x000007fefd510000 - 0x000007fefd51e000 	C:\Windows\system32\LPK.dll
0x000007fefd520000 - 0x000007fefd5ea000 	C:\Windows\system32\USP10.dll
0x000007fefa940000 - 0x000007fefab34000 	C:\Windows\WinSxS\amd64_microsoft.windows.common-controls_6595b64144ccf1df_6.0.7600.16385_none_fa645303170382f6\COMCTL32.dll
0x000007fefc1c0000 - 0x000007fefc231000 	C:\Windows\system32\SHLWAPI.dll
0x000007fefc2c0000 - 0x000007fefc2ee000 	C:\Windows\system32\IMM32.DLL
0x000007fefddc0000 - 0x000007fefdec9000 	C:\Windows\system32\MSCTF.dll
0x00000000775f0000 - 0x00000000776c2000 	C:\Program Files\Java\jre1.8.0_101\bin\msvcr100.dll
0x0000000053850000 - 0x00000000540ea000 	C:\Program Files\Java\jre1.8.0_101\bin\server\jvm.dll
0x000007feef290000 - 0x000007feef299000 	C:\Windows\system32\WSOCK32.dll
0x000007fefd5f0000 - 0x000007fefd63d000 	C:\Windows\system32\WS2_32.dll
0x000007fefd6e0000 - 0x000007fefd6e8000 	C:\Windows\system32\NSI.dll
0x000007fef93f0000 - 0x000007fef942b000 	C:\Windows\system32\WINMM.dll
0x000007fefae30000 - 0x000007fefae3c000 	C:\Windows\system32\VERSION.dll
0x00000000772c0000 - 0x00000000772c7000 	C:\Windows\system32\PSAPI.DLL
0x000000006f4d0000 - 0x000000006f4df000 	C:\Program Files\Java\jre1.8.0_101\bin\verify.dll
0x000000006f4a0000 - 0x000000006f4c9000 	C:\Program Files\Java\jre1.8.0_101\bin\java.dll
0x000000006f480000 - 0x000000006f496000 	C:\Program Files\Java\jre1.8.0_101\bin\zip.dll
0x000007fefc600000 - 0x000007fefd386000 	C:\Windows\system32\SHELL32.dll
0x000007fefd870000 - 0x000007fefda71000 	C:\Windows\system32\ole32.dll
0x000007fefbd10000 - 0x000007fefbd1f000 	C:\Windows\system32\profapi.dll

VM Arguments:
jvm_args: -Duser.language=es_AR -Dfile.encoding=Cp1252 
java_command: org.uqbar.project.wollok.launch.WollokLauncher -requestsPort 0 -eventsPort 0 -testPort 49572 -t src/test.wtest
java_class_path (initial): C:\Users\Usuario\Downloads\workspace\TP Objetos 1er entrega\bin;C:\Users\Usuario\Downloads\plugins\com.ibm.icu_54.1.1.v201501272100.jar;C:\Users\Usuario\Downloads\plugins\org.eclipse.xtext_2.9.0.v201512010527.jar;C:\Users\Usuario\Downloads\plugins\org.eclipse.emf.ecore.xmi_2.11.0.v20150512-0501.jar;C:\Users\Usuario\Downloads\plugins\org.eclipse.emf.ecore_2.11.0.v20150512-0501.jar;C:\Users\Usuario\Downloads\plugins\org.eclipse.emf.common_2.11.0.v20150512-0501.jar;C:\Users\Usuario\Downloads\plugins\org.antlr.runtime_3.2.0.v201101311130.jar;C:\Users\Usuario\Downloads\plugins\com.google.inject_3.0.0.v201312141243.jar;C:\Users\Usuario\Downloads\plugins\org.eclipse.emf.mwe.core_1.3.20.v201605261103.jar;C:\Users\Usuario\Downloads\plugins\org.apache.commons.cli_1.2.0.v201404270220.jar;C:\Users\Usuario\Downloads\plugins\org.eclipse.emf.mwe2.runtime_2.9.0.v201605261103.jar;C:\Users\Usuario\Downloads\plugins\org.eclipse.emf.mwe.utils_1.3.20.v201605261103.jar;C:\Users\Usuario\Downloads\plugins\org.eclipse.xtext.util_2.9.0.v201512010527.jar;C:\Users\Usuario\Downloads\plugins\com.google.guava_15.0.0.v201403281430.jar;C:\Users\Usuario\Downloads\plugins\javax.inject_1.0.0.v20091030.jar;C:\Users\Usuario\Downloads\plugins\org.eclipse.xtext.generator_2.9.0.v201512010527.jar;C:\Users\Usuario\Downloads\plugins\org.eclipse.xtext.xtext.generator_2.9.0.v201512010527.jar;C:\Users\Usuario\Downloads\plugins\org.eclipse.xtext.xbase.lib_2.9.0.v201512010527.jar;C:\Users\Usuario\Downloads\plugins\org.eclipse.emf.codegen.ecore_2.11.0.v20150601-0402.jar;C:\Users\Usuario\Downloads\plugins\org.eclipse.emf.codegen_2.11.0.v20150601-0402.jar;C:\Users\Usuario\Downloads\plugins\org.eclipse.xtend_2.1.0.v201505260349.jar;C:\Users\Usuario\Downloads\plugins\org.eclipse.xpand_2.1.0.v201505260349.jar;C:\Users\Usuario\Downloads\plugins\org.eclipse.xtend.typesystem.emf_2.1.0.v201505260349.jar;C:\Users\Usuario\Downloads\plugins\org.eclipse.emf.mwe2.lib_2.9.0.v201605261103.jar;C:\Users\
Launcher Type: SUN_STANDARD

Environment Variables:
PATH=C:/Program Files/Java/jre1.8.0_101/bin/server;C:/Program Files/Java/jre1.8.0_101/bin;C:/Program Files/Java/jre1.8.0_101/lib/amd64;C:\ProgramData\Oracle\Java\javapath;C:\Program Files (x86)\NVIDIA Corporation\PhysX\Common;C:\Program Files\Haskell\bin;C:\Program Files\Haskell Platform\7.10.3\lib\extralibs\bin;C:\Program Files\Haskell Platform\7.10.3\bin;C:\Windows\system32;C:\Windows;C:\Windows\System32\Wbem;C:\Windows\System32\WindowsPowerShell\v1.0\;C:\Program Files (x86)\ATI Technologies\ATI.ACE\Core-Static;C:\Program Files (x86)\Skype\Phone\;C:\Program Files\Haskell Platform\7.10.3\mingw\bin;C:\Users\Usuario\AppData\Roaming\cabal\bin;C:\Users\Usuario\Downloads;
USERNAME=Usuario
OS=Windows_NT
PROCESSOR_IDENTIFIER=AMD64 Family 22 Model 0 Stepping 1, AuthenticAMD



---------------  S Y S T E M  ---------------

OS: Windows 7 , 64 bit Build 7600 (6.1.7600.16385)

CPU:total 4 (4 cores per cpu, 1 threads per core) family 22 model 0 stepping 1, cmov, cx8, fxsr, mmx, sse, sse2, sse3, ssse3, sse4.1, sse4.2, popcnt, aes, clmul, mmxext, 3dnowpref, lzcnt, sse4a, tsc, tscinvbit, tscinv, bmi1

Memory: 4k page, physical 4129924k(681724k free), swap 16517800k(4900k free)

vm_info: Java HotSpot(TM) 64-Bit Server VM (25.101-b13) for windows-amd64 JRE (1.8.0_101-b13), built on Jun 22 2016 01:21:29 by "java_re" with MS VC++ 10.0 (VS2010)

time: Sun Sep 18 19:11:13 2016
elapsed time: 4 seconds (0d 0h 0m 4s)

